./scripts/smoke.sh
Sketch uses 412347 bytes (13%) of program storage space. Maximum is 3145728 bytes.
Global variables use 22904 bytes (6%) of dynamic memory, leaving 304776 bytes for local variables. Maximum is 327680 bytes.
esptool v5.1.0
Serial port /dev/cu.usbmodem83101:
Connecting...
Connected to ESP32-S3 on /dev/cu.usbmodem83101:
Chip type:          ESP32-S3 (QFN56) (revision v0.2)
Features:           Wi-Fi, BT 5 (LE), Dual Core + LP Core, 240MHz, Embedded PSRAM 8MB (AP_3v3)
Crystal frequency:  40MHz
USB mode:           USB-Serial/JTAG
MAC:                1c:db:d4:7b:53:54

Uploading stub flasher...
Running stub flasher...
Stub flasher running.
Changing baud rate to 921600...
Changed.

Configuring flash size...
Flash will be erased from 0x00000000 to 0x00004fff...
Flash will be erased from 0x00008000 to 0x00008fff...
Flash will be erased from 0x0000e000 to 0x0000ffff...
Flash will be erased from 0x00010000 to 0x00074fff...
Compressed 20224 bytes to 13062...
Writing at 0x00000000 [                              ]   0.0% 0/13062 bytes...
Writing at 0x00004f00 [==============================] 100.0% 13062/13062 bytes...
Wrote 20224 bytes (13062 compressed) at 0x00000000 in 0.3 seconds (503.6 kbit/s).
Hash of data verified.
Compressed 3072 bytes to 144...
Writing at 0x00008000 [                              ]   0.0% 0/144 bytes...
Writing at 0x00008c00 [==============================] 100.0% 144/144 bytes...
Wrote 3072 bytes (144 compressed) at 0x00008000 in 0.0 seconds (525.3 kbit/s).
Hash of data verified.
Compressed 8192 bytes to 47...
Writing at 0x0000e000 [                              ]   0.0% 0/47 bytes...
Writing at 0x00010000 [==============================] 100.0% 47/47 bytes...
Wrote 8192 bytes (47 compressed) at 0x0000e000 in 0.1 seconds (738.5 kbit/s).
Hash of data verified.
Compressed 412496 bytes to 214623...
Writing at 0x00010000 [                              ]   0.0% 0/214623 bytes...
Writing at 0x0001d3ff [=>                            ]   7.6% 16384/214623 bytes...
Writing at 0x00030371 [===>                          ]  15.3% 32768/214623 bytes...
Writing at 0x000360f8 [=====>                        ]  22.9% 49152/214623 bytes...
Writing at 0x0003bd16 [========>                     ]  30.5% 65536/214623 bytes...
Writing at 0x000414ce [==========>                   ]  38.2% 81920/214623 bytes...
Writing at 0x00046bae [============>                 ]  45.8% 98304/214623 bytes...
Writing at 0x0004c5d9 [===============>              ]  53.4% 114688/214623 bytes...
Writing at 0x00052af9 [=================>            ]  61.1% 131072/214623 bytes...
Writing at 0x0005b089 [===================>          ]  68.7% 147456/214623 bytes...
Writing at 0x00062088 [=====================>        ]  76.3% 163840/214623 bytes...
Writing at 0x00068289 [========================>     ]  84.0% 180224/214623 bytes...
Writing at 0x0006de6f [==========================>   ]  91.6% 196608/214623 bytes...
Writing at 0x00074103 [============================> ]  99.2% 212992/214623 bytes...
Writing at 0x00074b50 [==============================] 100.0% 214623/214623 bytes...
Wrote 412496 bytes (214623 compressed) at 0x00010000 in 3.2 seconds (1040.2 kbit/s).
Hash of data verified.

Hard resetting via RTS pin...
New upload port: /dev/cu.usbmodem83101 (serial)
Capturing serial output from /dev/cu.usbmodem83101 for 8s -> /Users/phodal/hardware/arduino/docs/evidence/ok-qoder-20260614-120532/logs/smoke-20260614-120837.log
codex_hello_world frame=8
codex_hello_world frame=9
codex_hello_world frame=10
codex_hello_world frame=11
codex_hello_world frame=12
codex_hello_world frame=13
codex_hello_world frame=14
codex_hello_world frame=15
codex_hello_world frame=16
codex_hello_world frame=17
codex_hello_world frame=18
codex_hello_world frame=19
codex_hello_world frame=20
codex_hello_world frame=21
codex_hello_world frame=22
